[grove grove.exo_bridge] INFO: Using Star Platinum hardcoded node topology

[1m[96m======================================================================[0m
[1m[96m  Star Platinum Cluster Autoresearch[0m
[1m[96m======================================================================[0m

  Nodes: ['192.168.1.151', '192.168.1.158', '192.168.1.177', '192.168.1.157']
  Rounds: 3
  Timestamp: 2026-03-26 12:30:48

[1m[96m======================================================================[0m
[1m[96m  Phase 1: Grove Transfer Autoresearch[0m
[1m[96m======================================================================[0m

[1mDiscovering exo cluster nodes...[0m
  Discovered 4 nodes: ['192.168.1.151', '192.168.1.158', '192.168.1.177', '192.168.1.157']

[1mBenchmarking node bandwidth...[0m

Bandwidth measurements:
{
  "192.168.1.151->192.168.1.158": {
    "bandwidth_gbps": 10.0,
    "latency_ms": 1.0,
    "estimated": true
  },
  "192.168.1.151->192.168.1.177": {
    "bandwidth_gbps": 10.0,
    "latency_ms": 1.0,
    "estimated": true
  },
  "192.168.1.151->192.168.1.157": {
    "bandwidth_gbps": 10.0,
    "latency_ms": 1.0,
    "estimated": true
  },
  "192.168.1.158->192.168.1.177": {
    "bandwidth_gbps": 10.0,
    "latency_ms": 1.0,
    "estimated": true
  },
  "192.168.1.158->192.168.1.157": {
    "bandwidth_gbps": 10.0,
    "latency_ms": 1.0,
    "estimated": true
  },
  "192.168.1.177->192.168.1.157": {
    "bandwidth_gbps": 10.0,
    "latency_ms": 1.0,
    "estimated": true
  }
}

[1mRunning autoresearch tournament (3 rounds)...[0m

============================================================
ExoAutoResearch: Finding optimal transfer parameters
Testing 6 configurations × 3 rounds
============================================================

Round 1/3
  slow-link    → throughput=  874.4 MB/s, compression= 31.2x, score=4888.14
  wifi-dct     → throughput=  366.1 MB/s, compression= 31.2x, score=2046.75
  wifi-raw     → throughput= 7251.6 MB/s, compression= 31.2x, score=40537.59
  tb4-dct      → throughput=  124.1 MB/s, compression= 15.6x, score= 490.71
  tb4-raw      → throughput= 5305.9 MB/s, compression= 15.6x, score=20973.49
  tb4-direct   → throughput= 4753.5 MB/s, compression= 15.3x, score=18568.28

Round 2/3
  slow-link    → throughput=  711.4 MB/s, compression= 31.2x, score=3977.05
  wifi-dct     → throughput=  292.5 MB/s, compression= 31.2x, score=1635.32
  wifi-raw     → throughput= 5126.9 MB/s, compression= 31.2x, score=28660.23
  tb4-dct      → throughput=  131.4 MB/s, compression= 15.6x, score= 519.51
  tb4-raw      → throughput= 5047.2 MB/s, compression= 15.6x, score=19950.99
  tb4-direct   → throughput= 4621.3 MB/s, compression= 15.3x, score=18052.00

Round 3/3
  slow-link    → throughput=  645.5 MB/s, compression= 31.2x, score=3608.21
  wifi-dct     → throughput=  277.6 MB/s, compression= 31.2x, score=1552.10
  wifi-raw     → throughput= 5420.3 MB/s, compression= 31.2x, score=30300.29
  tb4-dct      → throughput=  121.4 MB/s, compression= 15.6x, score= 480.07
  tb4-raw      → throughput= 4321.6 MB/s, compression= 15.6x, score=17082.50
  tb4-direct   → throughput= 4582.1 MB/s, compression= 15.3x, score=17898.85

============================================================
LEADERBOARD
============================================================
Rank  Config          Score      Throughput   Compression
------------------------------------------------------------
👑1   wifi-raw        33166.04   5932.9       31.2x
  2   tb4-raw         19335.66   4891.6       15.6x
  3   tb4-direct      18173.04   4652.3       15.3x
  4   slow-link       4157.80    743.8        31.2x
  5   wifi-dct        1744.72    312.1        31.2x
  6   tb4-dct         496.77     125.7        15.6x

Results saved to: research/autoresearch_results.json

👑 WINNER: wifi-raw
   chunk_size=4096, topk=64, use_dct=False, H=200

[92mBest Grove config saved to: configs/grove_best_config.json[0m
  Label: wifi-raw
  chunk_size: 4096
  topk: 64
  use_dct: False
  H: 200

[1m[96m======================================================================[0m
[1m[96m  Phase 2: TurboQuant KV Compression Benchmark[0m
[1m[96m======================================================================[0m

[1mTesting compression at different bit widths...[0m

  Testing 2-bit compression... [92m✓[0m cosine=0.8572, ratio=2.81x
  Testing 3-bit compression... [92m✓[0m cosine=0.9723, ratio=2.81x
  Testing 4-bit compression... [92m✓[0m cosine=0.9939, ratio=2.81x

[1m=== TurboQuant Compression Benchmark ===[0m
Bits   Cosine     Memory KB    Raw KB     Ratio    Time ms
------------------------------------------------------------
2      0.8572     1456.0       4096.0     2.81     13.66
3      0.9723     1456.0       4096.0     2.81     7.98
4      0.9939     1456.0       4096.0     2.81     8.22

[92mResults saved to: research/turboquant_benchmark.json[0m

[1m[96m======================================================================[0m
[1m[96m  Phase 3: Persistence Benchmark[0m
[1m[96m======================================================================[0m

[1mBenchmarking save/load speed...[0m

[1m=== Persistence Benchmark ===[0m
  Save time:  63.10ms
  Load time:  7.4937ms
  Size:       0.6 MB
  Speedup vs reprocess: 135x

[92mResults saved to: research/persistence_benchmark.json[0m

[1m[96m======================================================================[0m
[1m[96m  Generating Cluster Report[0m
[1m[96m======================================================================[0m

[92mReport saved to: research/cluster_report.md[0m

[1mSummary:[0m
  Grove best config: wifi-raw
  TurboQuant recommended: 4-bit compression
  Persistence speedup: 135.0x

[1m[96m======================================================================[0m
[1m[96m  Autoresearch Complete[0m
[1m[96m======================================================================[0m

[92mAll results saved to research/ directory[0m
